<?xml version="1.0" encoding="utf-8"?>
<coverage line-rate="0.6381" branch-rate="0.6353" version="1.9" timestamp="1586894582" lines-covered="2009" lines-valid="3148" branches-covered="859" branches-valid="1352">
  <sources>
    <source>B:\gitrepo\personalcode\AnyConfig\AnyConfig\</source>
  </sources>
  <packages>
    <package name="AnyConfig" line-rate="0.6409999999999999" branch-rate="0.6353" complexity="1705">
      <classes>
        <class name="AnyConfig.CollectionExtensions/&lt;&gt;c" filename="AnyConfig\CollectionExtensions.cs" line-rate="1" branch-rate="1" complexity="2">
          <methods>
            <method name="&lt;SelectChildren&gt;b__0_0" signature="(AnyConfig.INode)" line-rate="1" branch-rate="1">
              <lines>
                <line number="21" hits="1967" branch="True" condition-coverage="100% (2/2)">
                  <conditions>
                    <condition number="287" type="jump" coverage="100%" />
                  </conditions>
                </line>
              </lines>
            </method>
          </methods>
          <lines>
            <line number="21" hits="1967" branch="True" condition-coverage="100% (2/2)">
              <conditions>
                <condition number="287" type="jump" coverage="100%" />
              </conditions>
            </line>
          </lines>
        </class>
        <class name="AnyConfig.Config" filename="AnyConfig\Config.cs" line-rate="0.4464" branch-rate="1" complexity="46">
          <methods>
            <method name="Get" signature="()" line-rate="1" branch-rate="1">
              <lines>
                <line number="17" hits="1" branch="False" />
              </lines>
            </method>
            <method name="Get" signature="(System.Reflection.Assembly)" line-rate="0" branch-rate="1">
              <lines>
                <line number="25" hits="0" branch="False" />
              </lines>
            </method>
            <method name="Get" signature="(System.String)" line-rate="0" branch-rate="1">
              <lines>
                <line number="32" hits="0" branch="False" />
              </lines>
            </method>
            <method name="Get" signature="(System.String,System.Reflection.Assembly)" line-rate="0" branch-rate="1">
              <lines>
                <line number="40" hits="0" branch="False" />
              </lines>
            </method>
            <method name="Get" signature="(System.String,System.Type)" line-rate="0" branch-rate="1">
              <lines>
                <line number="48" hits="0" branch="False" />
              </lines>
            </method>
            <method name="Get" signature="(System.String,System.Type,System.Reflection.Assembly)" line-rate="0" branch-rate="1">
              <lines>
                <line number="57" hits="0" branch="False" />
              </lines>
            </method>
            <method name="Get" signature="(System.String)" line-rate="1" branch-rate="1">
              <lines>
                <line number="65" hits="2" branch="False" />
              </lines>
            </method>
            <method name="Get" signature="(System.String,System.Reflection.Assembly)" line-rate="0" branch-rate="1">
              <lines>
                <line number="74" hits="0" branch="False" />
              </lines>
            </method>
            <method name="Get" signature="(System.String,System.String)" line-rate="0" branch-rate="1">
              <lines>
                <line number="83" hits="0" branch="False" />
              </lines>
            </method>
            <method name="Get" signature="(System.String,System.String,System.Reflection.Assembly)" line-rate="0" branch-rate="1">
              <lines>
                <line number="93" hits="0" branch="False" />
              </lines>
            </method>
            <method name="Get" signature="(System.String,T)" line-rate="1" branch-rate="1">
              <lines>
                <line number="102" hits="1" branch="False" />
              </lines>
            </method>
            <method name="Get" signature="(System.String,T,System.Reflection.Assembly)" line-rate="0" branch-rate="1">
              <lines>
                <line number="112" hits="0" branch="False" />
              </lines>
            </method>
            <method name="Get" signature="(System.String,System.Type,System.Object)" line-rate="0" branch-rate="1">
              <lines>
                <line number="122" hits="0" branch="False" />
              </lines>
            </method>
            <method name="Get" signature="(System.String,System.Type,System.Object,System.Reflection.Assembly)" line-rate="0" branch-rate="1">
              <lines>
                <line number="133" hits="0" branch="False" />
              </lines>
            </method>
            <method name="GetSection" signature="(System.String)" line-rate="1" branch-rate="1">
              <lines>
                <line number="141" hits="2" branch="False" />
              </lines>
            </method>
            <method name="GetSection" signature="(System.String,System.Reflection.Assembly)" line-rate="0" branch-rate="1">
              <lines>
                <line number="150" hits="0" branch="False" />
              </lines>
            </method>
            <method name="GetSection" signature="(System.String,System.Type)" line-rate="0" branch-rate="1">
              <lines>
                <line number="159" hits="0" branch="False" />
              </lines>
            </method>
            <method name="GetSection" signature="(System.String,System.Type,System.Reflection.Assembly)" line-rate="0" branch-rate="1">
              <lines>
                <line number="169" hits="0" branch="False" />
              </lines>
            </method>
            <method name="GetSection" signature="(System.String,T)" line-rate="1" branch-rate="1">
              <lines>
                <line number="178" hits="1" branch="False" />
              </lines>
            </method>
            <method name="GetSection" signature="(System.String,T,System.Reflection.Assembly)" line-rate="0" branch-rate="1">
              <lines>
                <line number="188" hits="0" branch="False" />
              </lines>
            </method>
            <method name="GetSection" signature="(System.String,System.Type,System.Object)" line-rate="0" branch-rate="1">
              <lines>
                <line number="198" hits="0" branch="False" />
              </lines>
            </method>
            <method name="GetSection" signature="(System.String,System.Type,System.Object,System.Reflection.Assembly)" line-rate="0" branch-rate="1">
              <lines>
                <line number="210" hits="0" branch="False" />
              </lines>
            </method>
            <method name="GetConfiguration" signature="()" line-rate="1" branch-rate="1">
              <lines>
                <line number="217" hits="1" branch="False" />
                <line number="218" hits="1" branch="False" />
                <line number="219" hits="1" branch="False" />
                <line number="220" hits="1" branch="False" />
              </lines>
            </method>
            <method name="GetConfiguration" signature="(System.Reflection.Assembly)" line-rate="0" branch-rate="1">
              <lines>
                <line number="227" hits="0" branch="False" />
                <line number="228" hits="0" branch="False" />
                <line number="229" hits="0" branch="False" />
                <line number="230" hits="0" branch="False" />
              </lines>
            </method>
            <method name="GetConfiguration" signature="(System.String)" line-rate="1" branch-rate="1">
              <lines>
                <line number="238" hits="1" branch="False" />
                <line number="239" hits="1" branch="False" />
                <line number="240" hits="1" branch="False" />
                <line number="241" hits="1" branch="False" />
              </lines>
            </method>
            <method name="GetFromXml" signature="()" line-rate="1" branch-rate="1">
              <lines>
                <line number="249" hits="2" branch="False" />
                <line number="250" hits="2" branch="False" />
                <line number="251" hits="2" branch="False" />
                <line number="252" hits="2" branch="False" />
              </lines>
            </method>
            <method name="GetFromXml" signature="(System.String,System.Type)" line-rate="1" branch-rate="1">
              <lines>
                <line number="260" hits="1" branch="False" />
                <line number="261" hits="1" branch="False" />
                <line number="262" hits="1" branch="False" />
                <line number="263" hits="1" branch="False" />
              </lines>
            </method>
            <method name="GetFromXml" signature="(System.Reflection.Assembly)" line-rate="0" branch-rate="1">
              <lines>
                <line number="271" hits="0" branch="False" />
                <line number="272" hits="0" branch="False" />
                <line number="273" hits="0" branch="False" />
                <line number="274" hits="0" branch="False" />
              </lines>
            </method>
            <method name="GetFromXmlFile" signature="(System.String)" line-rate="1" branch-rate="1">
              <lines>
                <line number="283" hits="2" branch="False" />
                <line number="284" hits="2" branch="False" />
                <line number="285" hits="2" branch="False" />
                <line number="286" hits="2" branch="False" />
              </lines>
            </method>
            <method name="GetFromXmlFile" signature="(System.String,System.String)" line-rate="0" branch-rate="1">
              <lines>
                <line number="296" hits="0" branch="False" />
                <line number="297" hits="0" branch="False" />
                <line number="298" hits="0" branch="False" />
                <line number="299" hits="0" branch="False" />
              </lines>
            </method>
            <method name="GetFromJson" signature="()" line-rate="1" branch-rate="1">
              <lines>
                <line number="307" hits="1" branch="False" />
                <line number="308" hits="1" branch="False" />
                <line number="309" hits="1" branch="False" />
                <line number="310" hits="1" branch="False" />
              </lines>
            </method>
            <method name="GetFromJson" signature="(System.Reflection.Assembly)" line-rate="0" branch-rate="1">
              <lines>
                <line number="318" hits="0" branch="False" />
                <line number="319" hits="0" branch="False" />
                <line number="320" hits="0" branch="False" />
                <line number="321" hits="0" branch="False" />
              </lines>
            </method>
            <method name="GetFromJsonFile" signature="(System.String)" line-rate="1" branch-rate="1">
              <lines>
                <line number="330" hits="3" branch="False" />
                <line number="331" hits="3" branch="False" />
                <line number="332" hits="3" branch="False" />
                <line number="333" hits="3" branch="False" />
              </lines>
            </method>
            <method name="GetFromJsonFile" signature="(System.String,System.String)" line-rate="1" branch-rate="1">
              <lines>
                <line number="343" hits="1" branch="False" />
                <line number="344" hits="1" branch="False" />
                <line number="345" hits="1" branch="False" />
                <line number="346" hits="1" branch="False" />
              </lines>
            </method>
            <method name="Resolve" signature="()" line-rate="1" branch-rate="1">
              <lines>
                <line number="349" hits="1" branch="False" />
                <line number="350" hits="1" branch="False" />
                <line number="351" hits="1" branch="False" />
                <line number="352" hits="1" branch="False" />
              </lines>
            </method>
            <method name="Resolve" signature="(System.Reflection.Assembly)" line-rate="0" branch-rate="1">
              <lines>
                <line number="355" hits="0" branch="False" />
                <line number="356" hits="0" branch="False" />
                <line number="357" hits="0" branch="False" />
                <line number="358" hits="0" branch="False" />
              </lines>
            </method>
            <method name="Resolve" signature="(System.String,T)" line-rate="1" branch-rate="1">
              <lines>
                <line number="361" hits="3" branch="False" />
                <line number="362" hits="3" branch="False" />
                <line number="363" hits="3" branch="False" />
                <line number="364" hits="3" branch="False" />
              </lines>
            </method>
            <method name="Resolve" signature="(System.Reflection.Assembly,System.String,T)" line-rate="0" branch-rate="1">
              <lines>
                <line number="367" hits="0" branch="False" />
                <line number="368" hits="0" branch="False" />
                <line number="369" hits="0" branch="False" />
                <line number="370" hits="0" branch="False" />
              </lines>
            </method>
            <method name="Resolve" signature="(System.String,System.Type,System.Object)" line-rate="0" branch-rate="1">
              <lines>
                <line number="373" hits="0" branch="False" />
                <line number="374" hits="0" branch="False" />
                <line number="375" hits="0" branch="False" />
                <line number="376" hits="0" branch="False" />
              </lines>
            </method>
            <method name="Resolve" signature="(System.Reflection.Assembly,System.String,System.Type,System.Object)" line-rate="0" branch-rate="1">
              <lines>
                <line number="379" hits="0" branch="False" />
                <line number="380" hits="0" branch="False" />
                <line number="381" hits="0" branch="False" />
                <line number="382" hits="0" branch="False" />
              </lines>
            </method>
            <method name="ResolveSection" signature="(System.String,T,System.Boolean)" line-rate="1" branch-rate="1">
              <lines>
                <line number="385" hits="3" branch="False" />
                <line number="386" hits="3" branch="False" />
                <line number="387" hits="3" branch="False" />
                <line number="388" hits="2" branch="False" />
              </lines>
            </method>
            <method name="ResolveSection" signature="(System.Reflection.Assembly,System.String,T,System.Boolean)" line-rate="0" branch-rate="1">
              <lines>
                <line number="391" hits="0" branch="False" />
                <line number="392" hits="0" branch="False" />
                <line number="393" hits="0" branch="False" />
                <line number="394" hits="0" branch="False" />
              </lines>
            </method>
            <method name="ResolveSection" signature="(System.String,System.Type,System.Object,System.Boolean)" line-rate="0" branch-rate="1">
              <lines>
                <line number="397" hits="0" branch="False" />
                <line number="398" hits="0" branch="False" />
                <line number="399" hits="0" branch="False" />
                <line number="400" hits="0" branch="False" />
              </lines>
            </method>
            <method name="ResolveSection" signature="(System.Reflection.Assembly,System.String,System.Type,System.Object,System.Boolean)" line-rate="0" branch-rate="1">
              <lines>
                <line number="403" hits="0" branch="False" />
                <line number="404" hits="0" branch="False" />
                <line number="405" hits="0" branch="False" />
                <line number="406" hits="0" branch="False" />
              </lines>
            </method>
            <method name="CreateResolver" signature="()" line-rate="1" branch-rate="1">
              <lines>
                <line number="408" hits="19" branch="False" />
              </lines>
            </method>
            <method name="CreateResolver" signature="(System.Reflection.Assembly)" line-rate="0" branch-rate="1">
              <lines>
                <line number="409" hits="0" branch="False" />
              </lines>
            </method>
          </methods>
          <lines>
            <line number="17" hits="1" branch="False" />
            <line number="25" hits="0" branch="False" />
            <line number="32" hits="0" branch="False" />
            <line number="40" hits="0" branch="False" />
            <line number="48" hits="0" branch="False" />
            <line number="57" hits="0" branch="False" />
            <line number="65" hits="2" branch="False" />
            <line number="74" hits="0" branch="False" />
            <line number="83" hits="0" branch="False" />
            <line number="93" hits="0" branch="False" />
            <line number="102" hits="1" branch="False" />
            <line number="112" hits="0" branch="False" />
            <line number="122" hits="0" branch="False" />
            <line number="133" hits="0" branch="False" />
            <line number="141" hits="2" branch="False" />
            <line number="150" hits="0" branch="False" />
            <line number="159" hits="0" branch="False" />
            <line number="169" hits="0" branch="False" />
            <line number="178" hits="1" branch="False" />
            <line number="188" hits="0" branch="False" />
            <line number="198" hits="0" branch="False" />
            <line number="210" hits="0" branch="False" />
            <line number="217" hits="1" branch="False" />
            <line number="218" hits="1" branch="False" />
            <line number="219" hits="1" branch="False" />
            <line number="220" hits="1" branch="False" />
            <line number="227" hits="0" branch="False" />
            <line number="228" hits="0" branch="False" />
            <line number="229" hits="0" branch="False" />
            <line number="230" hits="0" branch="False" />
            <line number="238" hits="1" branch="False" />
            <line number="239" hits="1" branch="False" />
            <line number="240" hits="1" branch="False" />
            <line number="241" hits="1" branch="False" />
            <line number="249" hits="2" branch="False" />
            <line number="250" hits="2" branch="False" />
            <line number="251" hits="2" branch="False" />
            <line number="252" hits="2" branch="False" />
            <line number="260" hits="1" branch="False" />
            <line number="261" hits="1" branch="False" />
            <line number="262" hits="1" branch="False" />
            <line number="263" hits="1" branch="False" />
            <line number="271" hits="0" branch="False" />
            <line number="272" hits="0" branch="False" />
            <line number="273" hits="0" branch="False" />
            <line number="274" hits="0" branch="False" />
            <line number="283" hits="2" branch="False" />
            <line number="284" hits="2" branch="False" />
            <line number="285" hits="2" branch="False" />
            <line number="286" hits="2" branch="False" />
            <line number="296" hits="0" branch="False" />
            <line number="297" hits="0" branch="False" />
            <line number="298" hits="0" branch="False" />
            <line number="299" hits="0" branch="False" />
            <line number="307" hits="1" branch="False" />
            <line number="308" hits="1" branch="False" />
            <line number="309" hits="1" branch="False" />
            <line number="310" hits="1" branch="False" />
            <line number="318" hits="0" branch="False" />
            <line number="319" hits="0" branch="False" />
            <line number="320" hits="0" branch="False" />
            <line number="321" hits="0" branch="False" />
            <line number="330" hits="3" branch="False" />
            <line number="331" hits="3" branch="False" />
            <line number="332" hits="3" branch="False" />
            <line number="333" hits="3" branch="False" />
            <line number="343" hits="1" branch="False" />
            <line number="344" hits="1" branch="False" />
            <line number="345" hits="1" branch="False" />
            <line number="346" hits="1" branch="False" />
            <line number="349" hits="1" branch="False" />
            <line number="350" hits="1" branch="False" />
            <line number="351" hits="1" branch="False" />
            <line number="352" hits="1" branch="False" />
            <line number="355" hits="0" branch="False" />
            <line number="356" hits="0" branch="False" />
            <line number="357" hits="0" branch="False" />
            <line number="358" hits="0" branch="False" />
            <line number="361" hits="3" branch="False" />
            <line number="362" hits="3" branch="False" />
            <line number="363" hits="3" branch="False" />
            <line number="364" hits="3" branch="False" />
            <line number="367" hits="0" branch="False" />
            <line number="368" hits="0" branch="False" />
            <line number="369" hits="0" branch="False" />
            <line number="370" hits="0" branch="False" />
            <line number="373" hits="0" branch="False" />
            <line number="374" hits="0" branch="False" />
            <line number="375" hits="0" branch="False" />
            <line number="376" hits="0" branch="False" />
            <line number="379" hits="0" branch="False" />
            <line number="380" hits="0" branch="False" />
            <line number="381" hits="0" branch="False" />
            <line number="382" hits="0" branch="False" />
            <line number="385" hits="3" branch="False" />
            <line number="386" hits="3" branch="False" />
            <line number="387" hits="3" branch="False" />
            <line number="388" hits="2" branch="False" />
            <line number="391" hits="0" branch="False" />
            <line number="392" hits="0" branch="False" />
            <line number="393" hits="0" branch="False" />
            <line number="394" hits="0" branch="False" />
            <line number="397" hits="0" branch="False" />
            <line number="398" hits="0" branch="False" />
            <line number="399" hits="0" branch="False" />
            <line number="400" hits="0" branch="False" />
            <line number="403" hits="0" branch="False" />
            <line number="404" hits="0" branch="False" />
            <line number="405" hits="0" branch="False" />
            <line number="406" hits="0" branch="False" />
            <line number="408" hits="19" branch="False" />
            <line number="409" hits="0" branch="False" />
          </lines>
        </class>
        <class name="AnyConfig.ConfigProvider" filename="AnyConfig\ConfigProvider.cs" line-rate="0.3179" branch-rate="0.3448" complexity="259">
          <methods>
            <method name="get_Empty" signature="()" line-rate="1" branch-rate="1">
              <lines>
                <line number="27" hits="49" branch="False" />
              </lines>
            </method>
            <method name="GetConnectionString" signature="(System.String)" line-rate="0" branch-rate="1">
              <lines>
                <line number="30" hits="0" branch="False" />
                <line number="31" hits="0" branch="False" />
                <line number="32" hits="0" branch="False" />
              </lines>
            </method>
            <method name="GetConfiguration" signature="()" line-rate="0" branch-rate="1">
              <lines>
                <line number="39" hits="0" branch="False" />
                <line number="40" hits="0" branch="False" />
                <line number="41" hits="0" branch="False" />
              </lines>
            </method>
            <method name="GetConfiguration" signature="(System.String)" line-rate="0" branch-rate="1">
              <lines>
                <line number="49" hits="0" branch="False" />
                <line number="50" hits="0" branch="False" />
                <line number="51" hits="0" branch="False" />
              </lines>
            </method>
            <method name="GetConfiguration" signature="(System.String,System.String)" line-rate="0.9129999999999999" branch-rate="0.7">
              <lines>
                <line number="60" hits="14" branch="False" />
                <line number="61" hits="14" branch="True" condition-coverage="50% (1/2)">
                  <conditions>
                    <condition number="11" type="jump" coverage="50%" />
                  </conditions>
                </line>
                <line number="62" hits="0" branch="False" />
                <line number="63" hits="14" branch="True" condition-coverage="50% (1/2)">
                  <conditions>
                    <condition number="23" type="jump" coverage="50%" />
                  </conditions>
                </line>
                <line number="64" hits="14" branch="True" condition-coverage="50% (1/2)">
                  <conditions>
                    <condition number="50" type="jump" coverage="50%" />
                  </conditions>
                </line>
                <line number="65" hits="0" branch="False" />
                <line number="67" hits="14" branch="False" />
                <line number="68" hits="14" branch="False" />
                <line number="70" hits="14" branch="False" />
                <line number="71" hits="14" branch="False" />
                <line number="72" hits="14" branch="False" />
                <line number="73" hits="166" branch="True" condition-coverage="100% (2/2)">
                  <conditions>
                    <condition number="185" type="jump" coverage="100%" />
                  </conditions>
                </line>
                <line number="74" hits="62" branch="False" />
                <line number="75" hits="62" branch="True" condition-coverage="100% (2/2)">
                  <conditions>
                    <condition number="160" type="jump" coverage="100%" />
                  </conditions>
                </line>
                <line number="76" hits="19" branch="False" />
                <line number="77" hits="19" branch="False" />
                <line number="78" hits="19" branch="False" />
                <line number="80" hits="43" branch="False" />
                <line number="82" hits="43" branch="False" />
                <line number="83" hits="62" branch="False" />
                <line number="84" hits="14" branch="False" />
                <line number="85" hits="14" branch="False" />
                <line number="86" hits="14" branch="False" />
              </lines>
            </method>
            <method name="MapAllNodes" signature="(AnyConfig.Json.JsonNode,System.Collections.Generic.List`1&lt;System.Collections.Generic.KeyValuePair`2&lt;System.String,System.String&gt;&gt;)" line-rate="1" branch-rate="0.875">
              <lines>
                <line number="89" hits="254" branch="False" />
                <line number="90" hits="254" branch="True" condition-coverage="100% (2/2)">
                  <conditions>
                    <condition number="12" type="jump" coverage="100%" />
                  </conditions>
                </line>
                <line number="91" hits="54" branch="False" />
                <line number="92" hits="642" branch="True" condition-coverage="100% (2/2)">
                  <conditions>
                    <condition number="59" type="jump" coverage="100%" />
                  </conditions>
                </line>
                <line number="93" hits="240" branch="False" />
                <line number="94" hits="54" branch="False" />
                <line number="95" hits="200" branch="True" condition-coverage="100% (2/2)">
                  <conditions>
                    <condition number="92" type="jump" coverage="100%" />
                  </conditions>
                </line>
                <line number="96" hits="194" branch="False" />
                <line number="97" hits="194" branch="True" condition-coverage="50% (1/2)">
                  <conditions>
                    <condition number="124" type="jump" coverage="50%" />
                  </conditions>
                </line>
                <line number="98" hits="194" branch="False" />
                <line number="100" hits="6" branch="False" />
                <line number="102" hits="6" branch="False" />
                <line number="103" hits="254" branch="False" />
                <line number="104" hits="254" branch="False" />
              </lines>
            </method>
            <method name="GetNodeValue" signature="(System.String,AnyConfig.Json.PrimitiveTypes)" line-rate="1" branch-rate="1">
              <lines>
                <line number="107" hits="194" branch="False" />
                <line number="108" hits="194" branch="True" condition-coverage="100% (2/2)">
                  <conditions>
                    <condition number="7" type="jump" coverage="100%" />
                  </conditions>
                </line>
                <line number="111" hits="29" branch="False" />
                <line number="113" hits="165" branch="False" />
                <line number="115" hits="194" branch="False" />
              </lines>
            </method>
            <method name="Get" signature="(System.String,System.String)" line-rate="0" branch-rate="1">
              <lines>
                <line number="124" hits="0" branch="False" />
                <line number="125" hits="0" branch="False" />
                <line number="126" hits="0" branch="False" />
              </lines>
            </method>
            <method name="Get" signature="(System.String,System.String,AnyConfig.ConfigSource)" line-rate="0" branch-rate="1">
              <lines>
                <line number="135" hits="0" branch="False" />
                <line number="136" hits="0" branch="False" />
                <line number="137" hits="0" branch="False" />
              </lines>
            </method>
            <method name="Get" signature="(System.String,System.String,AnyConfig.ConfigSource,System.Boolean,System.Linq.Expressions.Expression`1&lt;System.Func`2&lt;System.Object,System.Object&gt;&gt;[])" line-rate="0" branch-rate="1">
              <lines>
                <line number="148" hits="0" branch="False" />
                <line number="149" hits="0" branch="False" />
                <line number="150" hits="0" branch="False" />
              </lines>
            </method>
            <method name="Get" signature="(System.Type,System.String,System.Object)" line-rate="0" branch-rate="1">
              <lines>
                <line number="158" hits="0" branch="False" />
                <line number="159" hits="0" branch="False" />
                <line number="160" hits="0" branch="False" />
              </lines>
            </method>
            <method name="Get" signature="(System.Type,System.String,System.Object,AnyConfig.ConfigSource)" line-rate="1" branch-rate="1">
              <lines>
                <line number="171" hits="7" branch="False" />
                <line number="172" hits="7" branch="False" />
                <line number="173" hits="7" branch="False" />
              </lines>
            </method>
            <method name="Get" signature="(System.Type,System.String,System.Object,AnyConfig.ConfigSource,System.Boolean,System.Linq.Expressions.Expression`1&lt;System.Func`2&lt;System.Object,System.Object&gt;&gt;[])" line-rate="1" branch-rate="1">
              <lines>
                <line number="184" hits="8" branch="False" />
                <line number="185" hits="8" branch="False" />
                <line number="186" hits="8" branch="False" />
              </lines>
            </method>
            <method name="Get" signature="(System.String,T)" line-rate="0" branch-rate="1">
              <lines>
                <line number="196" hits="0" branch="False" />
                <line number="197" hits="0" branch="False" />
                <line number="198" hits="0" branch="False" />
              </lines>
            </method>
            <method name="Get" signature="(System.String,T,AnyConfig.ConfigSource)" line-rate="0" branch-rate="1">
              <lines>
                <line number="208" hits="0" branch="False" />
                <line number="209" hits="0" branch="False" />
                <line number="210" hits="0" branch="False" />
              </lines>
            </method>
            <method name="Get" signature="(System.String,T,AnyConfig.ConfigSource,System.Boolean,System.Linq.Expressions.Expression`1&lt;System.Func`2&lt;System.Object,System.Object&gt;&gt;[])" line-rate="0" branch-rate="1">
              <lines>
                <line number="223" hits="0" branch="False" />
                <line number="224" hits="0" branch="False" />
                <line number="225" hits="0" branch="False" />
              </lines>
            </method>
            <method name="Get" signature="(AnyConfig.ConfigSource,System.Boolean,System.Linq.Expressions.Expression`1&lt;System.Func`2&lt;System.Object,System.Object&gt;&gt;[])" line-rate="1" branch-rate="1">
              <lines>
                <line number="236" hits="1" branch="False" />
                <line number="237" hits="1" branch="False" />
                <line number="238" hits="1" branch="False" />
              </lines>
            </method>
            <method name="Get" signature="(T,AnyConfig.ConfigSource,System.Boolean,System.Linq.Expressions.Expression`1&lt;System.Func`2&lt;System.Object,System.Object&gt;&gt;[])" line-rate="0" branch-rate="1">
              <lines>
                <line number="250" hits="0" branch="False" />
                <line number="251" hits="0" branch="False" />
                <line number="252" hits="0" branch="False" />
              </lines>
            </method>
            <method name="Get" signature="(System.String)" line-rate="0" branch-rate="1">
              <lines>
                <line number="261" hits="0" branch="False" />
                <line number="262" hits="0" branch="False" />
                <line number="263" hits="0" branch="False" />
              </lines>
            </method>
            <method name="Get" signature="(System.String,AnyConfig.ConfigSource)" line-rate="0" branch-rate="1">
              <lines>
                <line number="272" hits="0" branch="False" />
                <line number="273" hits="0" branch="False" />
                <line number="274" hits="0" branch="False" />
              </lines>
            </method>
            <method name="Get" signature="(System.String,AnyConfig.ConfigSource,System.Boolean,System.Linq.Expressions.Expression`1&lt;System.Func`2&lt;System.Object,System.Object&gt;&gt;[])" line-rate="0" branch-rate="1">
              <lines>
                <line number="285" hits="0" branch="False" />
                <line number="286" hits="0" branch="False" />
                <line number="287" hits="0" branch="False" />
              </lines>
            </method>
            <method name="Get" signature="(System.String)" line-rate="0" branch-rate="1">
              <lines>
                <line number="297" hits="0" branch="False" />
                <line number="298" hits="0" branch="False" />
                <line number="299" hits="0" branch="False" />
              </lines>
            </method>
            <method name="Get" signature="(System.String,AnyConfig.ConfigSource)" line-rate="0" branch-rate="1">
              <lines>
                <line number="309" hits="0" branch="False" />
                <line number="310" hits="0" branch="False" />
                <line number="311" hits="0" branch="False" />
              </lines>
            </method>
            <method name="Get" signature="(System.String,AnyConfig.ConfigSource,System.Boolean,System.Linq.Expressions.Expression`1&lt;System.Func`2&lt;System.Object,System.Object&gt;&gt;[])" line-rate="0" branch-rate="1">
              <lines>
                <line number="323" hits="0" branch="False" />
                <line number="324" hits="0" branch="False" />
                <line number="325" hits="0" branch="False" />
              </lines>
            </method>
            <method name="GetFromSection" signature="(System.String)" line-rate="0" branch-rate="1">
              <lines>
                <line number="334" hits="0" branch="False" />
                <line number="335" hits="0" branch="False" />
                <line number="336" hits="0" branch="False" />
              </lines>
            </method>
            <method name="GetFromSection" signature="(System.String,System.String)" line-rate="0" branch-rate="1">
              <lines>
                <line number="346" hits="0" branch="False" />
                <line number="347" hits="0" branch="False" />
                <line number="348" hits="0" branch="False" />
              </lines>
            </method>
            <method name="GetFromSection" signature="(System.String,System.String,System.Boolean)" line-rate="0" branch-rate="1">
              <lines>
                <line number="359" hits="0" branch="False" />
                <line number="360" hits="0" branch="False" />
                <line number="361" hits="0" branch="False" />
              </lines>
            </method>
            <method name="InternalGet" signature="(System.String,AnyConfig.ConfigSource,T,System.Boolean,System.Linq.Expressions.Expression`1&lt;System.Func`2&lt;System.Object,System.Object&gt;&gt;[])" line-rate="0.44439999999999996" branch-rate="0.5">
              <lines>
                <line number="364" hits="1" branch="False" />
                <line number="366" hits="1" branch="True" condition-coverage="50% (1/2)">
                  <conditions>
                    <condition number="28" type="jump" coverage="50%" />
                  </conditions>
                </line>
                <line number="367" hits="0" branch="False" />
                <line number="369" hits="1" branch="False" />
                <line number="371" hits="1" branch="True" condition-coverage="50% (4/8)">
                  <conditions>
                    <condition number="60" type="switch" coverage="50%" />
                  </conditions>
                </line>
                <line number="376" hits="0" branch="False" />
                <line number="377" hits="0" branch="False" />
                <line number="380" hits="0" branch="False" />
                <line number="381" hits="0" branch="False" />
                <line number="384" hits="0" branch="False" />
                <line number="387" hits="0" branch="False" />
                <line number="390" hits="1" branch="False" />
                <line number="391" hits="1" branch="False" />
                <line number="394" hits="0" branch="False" />
                <line number="395" hits="0" branch="False" />
                <line number="397" hits="0" branch="False" />
                <line number="400" hits="1" branch="False" />
                <line number="401" hits="1" branch="False" />
              </lines>
            </method>
            <method name="InternalGet" signature="(System.Type,System.String,AnyConfig.ConfigSource,System.Object,System.Boolean,System.Linq.Expressions.Expression`1&lt;System.Func`2&lt;System.Object,System.Object&gt;&gt;[])" line-rate="0.55" branch-rate="0.7">
              <lines>
                <line number="404" hits="15" branch="False" />
                <line number="406" hits="15" branch="True" condition-coverage="100% (2/2)">
                  <conditions>
                    <condition number="19" type="jump" coverage="100%" />
                  </conditions>
                </line>
                <line number="407" hits="7" branch="False" />
                <line number="409" hits="8" branch="False" />
                <line number="411" hits="15" branch="True" condition-coverage="62.5% (5/8)">
                  <conditions>
                    <condition number="42" type="switch" coverage="62.5%" />
                  </conditions>
                </line>
                <line number="415" hits="7" branch="False" />
                <line number="416" hits="7" branch="False" />
                <line number="419" hits="0" branch="False" />
                <line number="420" hits="0" branch="False" />
                <line number="423" hits="0" branch="False" />
                <line number="424" hits="0" branch="False" />
                <line number="427" hits="0" branch="False" />
                <line number="430" hits="0" branch="False" />
                <line number="433" hits="0" branch="False" />
                <line number="434" hits="0" branch="False" />
                <line number="437" hits="8" branch="False" />
                <line number="438" hits="8" branch="False" />
                <line number="440" hits="0" branch="False" />
                <line number="443" hits="15" branch="False" />
                <line number="444" hits="15" branch="False" />
              </lines>
            </method>
            <method name="GetWebConfigSetting" signature="(System.String,System.String,T,System.Boolean)" line-rate="0" branch-rate="0">
              <lines>
                <line number="447" hits="0" branch="False" />
                <line number="448" hits="0" branch="False" />
                <line number="450" hits="0" branch="True" condition-coverage="0% (0/2)">
                  <conditions>
                    <condition number="14" type="jump" coverage="0%" />
                  </conditions>
                </line>
                <line number="451" hits="0" branch="False" />
                <line number="452" hits="0" branch="True" condition-coverage="0% (0/2)">
                  <conditions>
                    <condition number="38" type="jump" coverage="0%" />
                  </conditions>
                </line>
                <line number="453" hits="0" branch="False" />
                <line number="454" hits="0" branch="True" condition-coverage="0% (0/2)">
                  <conditions>
                    <condition number="55" type="jump" coverage="0%" />
                  </conditions>
                </line>
                <line number="455" hits="0" branch="False" />
                <line number="456" hits="0" branch="True" condition-coverage="0% (0/2)">
                  <conditions>
                    <condition number="63" type="jump" coverage="0%" />
                  </conditions>
                </line>
                <line number="457" hits="0" branch="False" />
                <line number="458" hits="0" branch="False" />
                <line number="460" hits="0" branch="False" />
                <line number="461" hits="0" branch="False" />
                <line number="462" hits="0" branch="False" />
                <line number="463" hits="0" branch="False" />
                <line number="464" hits="0" branch="False" />
                <line number="466" hits="0" branch="False" />
                <line number="467" hits="0" branch="True" condition-coverage="0% (0/2)">
                  <conditions>
                    <condition number="124" type="jump" coverage="0%" />
                  </conditions>
                </line>
                <line number="468" hits="0" branch="False" />
                <line number="469" hits="0" branch="False" />
                <line number="470" hits="0" branch="False" />
                <line number="471" hits="0" branch="False" />
                <line number="473" hits="0" branch="False" />
                <line number="474" hits="0" branch="True" condition-coverage="0% (0/2)">
                  <conditions>
                    <condition number="158" type="jump" coverage="0%" />
                  </conditions>
                </line>
                <line number="475" hits="0" branch="False" />
                <line number="476" hits="0" branch="False" />
                <line number="478" hits="0" branch="False" />
                <line number="479" hits="0" branch="False" />
              </lines>
            </method>
            <method name="GetWebConfigSetting" signature="(System.Type,System.String,System.String,System.Object,System.Boolean)" line-rate="0" branch-rate="0">
              <lines>
                <line number="482" hits="0" branch="False" />
                <line number="483" hits="0" branch="False" />
                <line number="485" hits="0" branch="True" condition-coverage="0% (0/2)">
                  <conditions>
                    <condition number="14" type="jump" coverage="0%" />
                  </conditions>
                </line>
                <line number="486" hits="0" branch="False" />
                <line number="487" hits="0" branch="True" condition-coverage="0% (0/2)">
                  <conditions>
                    <condition number="38" type="jump" coverage="0%" />
                  </conditions>
                </line>
                <line number="488" hits="0" branch="False" />
                <line number="489" hits="0" branch="True" condition-coverage="0% (0/2)">
                  <conditions>
                    <condition number="55" type="jump" coverage="0%" />
                  </conditions>
                </line>
                <line number="490" hits="0" branch="False" />
                <line number="491" hits="0" branch="True" condition-coverage="0% (0/2)">
                  <conditions>
                    <condition number="64" type="jump" coverage="0%" />
                  </conditions>
                </line>
                <line number="492" hits="0" branch="False" />
                <line number="493" hits="0" branch="False" />
                <line number="495" hits="0" branch="False" />
                <line number="496" hits="0" branch="False" />
                <line number="497" hits="0" branch="False" />
                <line number="498" hits="0" branch="False" />
                <line number="499" hits="0" branch="False" />
                <line number="501" hits="0" branch="False" />
                <line number="502" hits="0" branch="True" condition-coverage="0% (0/2)">
                  <conditions>
                    <condition number="127" type="jump" coverage="0%" />
                  </conditions>
                </line>
                <line number="503" hits="0" branch="False" />
                <line number="504" hits="0" branch="False" />
                <line number="505" hits="0" branch="False" />
                <line number="506" hits="0" branch="False" />
                <line number="508" hits="0" branch="False" />
                <line number="509" hits="0" branch="True" condition-coverage="0% (0/2)">
                  <conditions>
                    <condition number="162" type="jump" coverage="0%" />
                  </conditions>
                </line>
                <line number="510" hits="0" branch="False" />
                <line number="511" hits="0" branch="False" />
                <line number="513" hits="0" branch="False" />
                <line number="514" hits="0" branch="False" />
              </lines>
            </method>
            <method name="InternalGetConnectionString" signature="(System.String)" line-rate="0" branch-rate="0">
              <lines>
                <line number="517" hits="0" branch="False" />
                <line number="518" hits="0" branch="False" />
                <line number="519" hits="0" branch="True" condition-coverage="0% (0/2)">
                  <conditions>
                    <condition number="19" type="jump" coverage="0%" />
                  </conditions>
                </line>
                <line number="520" hits="0" branch="False" />
                <line number="522" hits="0" branch="False" />
                <line number="523" hits="0" branch="False" />
              </lines>
            </method>
            <method name="GetWebConfigSetting" signature="(System.String,T,System.Boolean,System.Linq.Expressions.Expression`1&lt;System.Func`2&lt;System.Object,System.Object&gt;&gt;[])" line-rate="0" branch-rate="0">
              <lines>
                <line number="526" hits="0" branch="False" />
                <line number="527" hits="0" branch="False" />
                <line number="529" hits="0" branch="True" condition-coverage="0% (0/4)">
                  <conditions>
                    <condition number="4" type="jump" coverage="0%" />
                    <condition number="16" type="jump" coverage="0%" />
                  </conditions>
                </line>
                <line number="530" hits="0" branch="False" />
                <line number="532" hits="0" branch="False" />
                <line number="534" hits="0" branch="True" condition-coverage="0% (0/2)">
                  <conditions>
                    <condition number="42" type="jump" coverage="0%" />
                  </conditions>
                </line>
                <line number="535" hits="0" branch="False" />
                <line number="536" hits="0" branch="False" />
                <line number="539" hits="0" branch="False" />
                <line number="540" hits="0" branch="True" condition-coverage="0% (0/2)">
                  <conditions>
                    <condition number="64" type="jump" coverage="0%" />
                  </conditions>
                </line>
                <line number="541" hits="0" branch="False" />
                <line number="542" hits="0" branch="False" />
                <line number="543" hits="0" branch="False" />
                <line number="545" hits="0" branch="False" />
                <line number="547" hits="0" branch="True" condition-coverage="0% (0/2)">
                  <conditions>
                    <condition number="103" type="jump" coverage="0%" />
                  </conditions>
                </line>
                <line number="548" hits="0" branch="False" />
                <line number="549" hits="0" branch="False" />
                <line number="550" hits="0" branch="False" />
                <line number="551" hits="0" branch="False" />
                <line number="553" hits="0" branch="False" />
                <line number="554" hits="0" branch="True" condition-coverage="0% (0/2)">
                  <conditions>
                    <condition number="147" type="jump" coverage="0%" />
                  </conditions>
                </line>
                <line number="555" hits="0" branch="False" />
                <line number="556" hits="0" branch="False" />
                <line number="557" hits="0" branch="False" />
                <line number="559" hits="0" branch="False" />
                <line number="560" hits="0" branch="False" />
              </lines>
            </method>
            <method name="GetWebConfigSetting" signature="(System.Type,System.String,System.Object,System.Boolean,System.Linq.Expressions.Expression`1&lt;System.Func`2&lt;System.Object,System.Object&gt;&gt;[])" line-rate="0.46149999999999997" branch-rate="0.25">
              <lines>
                <line number="563" hits="7" branch="False" />
                <line number="564" hits="7" branch="False" />
                <line number="566" hits="7" branch="True" condition-coverage="50% (2/4)">
                  <conditions>
                    <condition number="5" type="jump" coverage="50%" />
                    <condition number="18" type="jump" coverage="50%" />
                  </conditions>
                </line>
                <line number="567" hits="0" branch="False" />
                <line number="569" hits="0" branch="False" />
                <line number="571" hits="0" branch="True" condition-coverage="0% (0/2)">
                  <conditions>
                    <condition number="45" type="jump" coverage="0%" />
                  </conditions>
                </line>
                <line number="572" hits="0" branch="False" />
                <line number="573" hits="0" branch="False" />
                <line number="576" hits="0" branch="False" />
                <line number="577" hits="0" branch="True" condition-coverage="0% (0/2)">
                  <conditions>
                    <condition number="68" type="jump" coverage="0%" />
                  </conditions>
                </line>
                <line number="578" hits="0" branch="False" />
                <line number="579" hits="0" branch="False" />
                <line number="580" hits="0" branch="False" />
                <line number="582" hits="7" branch="False" />
                <line number="584" hits="7" branch="True" condition-coverage="50% (1/2)">
                  <conditions>
                    <condition number="107" type="jump" coverage="50%" />
                  </conditions>
                </line>
                <line number="585" hits="7" branch="False" />
                <line number="586" hits="7" branch="False" />
                <line number="587" hits="7" branch="False" />
                <line number="588" hits="7" branch="False" />
                <line number="590" hits="0" branch="False" />
                <line number="591" hits="0" branch="True" condition-coverage="0% (0/2)">
                  <conditions>
                    <condition number="152" type="jump" coverage="0%" />
                  </conditions>
                </line>
                <line number="592" hits="0" branch="False" />
                <line number="593" hits="0" branch="False" />
                <line number="594" hits="7" branch="False" />
                <line number="596" hits="7" branch="False" />
                <line number="597" hits="7" branch="False" />
              </lines>
            </method>
            <method name="GetEmbeddedResourceSetting" signature="(System.String,T,System.Boolean,System.Linq.Expressions.Expression`1&lt;System.Func`2&lt;System.Object,System.Object&gt;&gt;[])" line-rate="0" branch-rate="0">
              <lines>
                <line number="600" hits="0" branch="False" />
                <line number="601" hits="0" branch="False" />
                <line number="603" hits="0" branch="False" />
                <line number="604" hits="0" branch="False" />
                <line number="605" hits="0" branch="False" />
                <line number="606" hits="0" branch="False" />
                <line number="607" hits="0" branch="False" />
                <line number="611" hits="0" branch="False" />
                <line number="613" hits="0" branch="False" />
                <line number="614" hits="0" branch="False" />
                <line number="615" hits="0" branch="False" />
                <line number="616" hits="0" branch="False" />
                <line number="618" hits="0" branch="True" condition-coverage="0% (0/2)">
                  <conditions>
                    <condition number="48" type="jump" coverage="0%" />
                  </conditions>
                </line>
                <line number="619" hits="0" branch="False" />
                <line number="620" hits="0" branch="False" />
                <line number="623" hits="0" branch="False" />
                <line number="624" hits="0" branch="False" />
              </lines>
            </method>
            <method name="GetEmbeddedResourceSetting" signature="(System.Type,System.String,System.Object,System.Boolean,System.Linq.Expressions.Expression`1&lt;System.Func`2&lt;System.Object,System.Object&gt;&gt;[])" line-rate="0" branch-rate="0">
              <lines>
                <line number="627" hits="0" branch="False" />
                <line number="628" hits="0" branch="False" />
                <line number="630" hits="0" branch="False" />
                <line number="631" hits="0" branch="False" />
                <line number="632" hits="0" branch="False" />
                <line number="633" hits="0" branch="False" />
                <line number="634" hits="0" branch="False" />
                <line number="638" hits="0" branch="False" />
                <line number="640" hits="0" branch="False" />
                <line number="641" hits="0" branch="False" />
                <line number="642" hits="0" branch="False" />
                <line number="643" hits="0" branch="False" />
                <line number="645" hits="0" branch="True" condition-coverage="0% (0/2)">
                  <conditions>
                    <condition number="48" type="jump" coverage="0%" />
                  </conditions>
                </line>
                <line number="646" hits="0" branch="False" />
                <line number="647" hits="0" branch="False" />
                <line number="650" hits="0" branch="False" />
                <line number="651" hits="0" branch="False" />
              </lines>
            </method>
            <method name="GetJsonConfigSetting" signature="(System.String,T,System.Boolean,System.Linq.Expressions.Expression`1&lt;System.Func`2&lt;System.Object,System.Object&gt;&gt;[])" line-rate="1" branch-rate="1">
              <lines>
                <line number="654" hits="1" branch="False" />
                <line number="655" hits="1" branch="False" />
                <line number="656" hits="1" branch="False" />
              </lines>
            </method>
            <method name="GetJsonConfigSetting" signature="(System.Type,System.String,System.Object,System.Boolean,System.Linq.Expressions.Expression`1&lt;System.Func`2&lt;System.Object,System.Object&gt;&gt;[])" line-rate="0.5517" branch-rate="0.5">
              <lines>
                <line number="659" hits="1" branch="False" />
                <line number="660" hits="1" branch="False" />
                <line number="661" hits="1" branch="False" />
                <line number="662" hits="1" branch="False" />
                <line number="663" hits="1" branch="True" condition-coverage="50% (1/2)">
                  <conditions>
                    <condition number="40" type="jump" coverage="50%" />
                  </conditions>
                </line>
                <line number="664" hits="0" branch="False" />
                <line number="665" hits="0" branch="False" />
                <line number="666" hits="0" branch="False" />
                <line number="668" hits="1" branch="False" />
                <line number="669" hits="1" branch="True" condition-coverage="50% (1/2)">
                  <conditions>
                    <condition number="69" type="jump" coverage="50%" />
                  </conditions>
                </line>
                <line number="670" hits="1" branch="False" />
                <line number="671" hits="1" branch="False" />
                <line number="672" hits="1" branch="False" />
                <line number="673" hits="1" branch="False" />
                <line number="674" hits="0" branch="True" condition-coverage="50% (1/2)">
                  <conditions>
                    <condition number="100" type="jump" coverage="50%" />
                  </conditions>
                </line>
                <line number="675" hits="0" branch="False" />
                <line number="676" hits="0" branch="False" />
                <line number="678" hits="1" branch="False" />
                <line number="679" hits="1" branch="True" condition-coverage="50% (1/2)">
                  <conditions>
                    <condition number="139" type="jump" coverage="50%" />
                  </conditions>
                </line>
                <line number="680" hits="0" branch="False" />
                <line number="681" hits="0" branch="False" />
                <line number="682" hits="0" branch="False" />
                <line number="683" hits="0" branch="False" />
                <line number="684" hits="0" branch="False" />
                <line number="685" hits="0" branch="False" />
                <line number="687" hits="1" branch="False" />
                <line number="689" hits="1" branch="False" />
                <line number="691" hits="0" branch="False" />
                <line number="692" hits="1" branch="False" />
              </lines>
            </method>
            <method name="GetXmlConfigSetting" signature="(System.String,T,System.Boolean,System.Linq.Expressions.Expression`1&lt;System.Func`2&lt;System.Object,System.Object&gt;&gt;[])" line-rate="0" branch-rate="1">
              <lines>
                <line number="695" hits="0" branch="False" />
                <line number="696" hits="0" branch="False" />
                <line number="697" hits="0" branch="False" />
              </lines>
            </method>
            <method name="GetXmlConfigSetting" signature="(System.Type,System.String,System.Object,System.Boolean,System.Linq.Expressions.Expression`1&lt;System.Func`2&lt;System.Object,System.Object&gt;&gt;[])" line-rate="0.8648" branch-rate="0.75">
              <lines>
                <line number="700" hits="8" branch="False" />
                <line number="701" hits="8" branch="False" />
                <line number="702" hits="8" branch="False" />
                <line number="703" hits="8" branch="False" />
                <line number="704" hits="8" branch="True" condition-coverage="100% (2/2)">
                  <conditions>
                    <condition number="55" type="jump" coverage="100%" />
                  </conditions>
                </line>
                <line number="705" hits="6" branch="False" />
                <line number="706" hits="6" branch="False" />
                <line number="707" hits="6" branch="False" />
                <line number="709" hits="2" branch="False" />
                <line number="710" hits="2" branch="True" condition-coverage="50% (1/2)">
                  <conditions>
                    <condition number="84" type="jump" coverage="50%" />
                  </conditions>
                </line>
                <line number="711" hits="2" branch="False" />
                <line number="712" hits="2" branch="False" />
                <line number="713" hits="2" branch="False" />
                <line number="714" hits="2" branch="False" />
                <line number="715" hits="0" branch="True" condition-coverage="50% (1/2)">
                  <conditions>
                    <condition number="115" type="jump" coverage="50%" />
                  </conditions>
                </line>
                <line number="716" hits="0" branch="False" />
                <line number="717" hits="0" branch="False" />
                <line number="719" hits="2" branch="False" />
                <line number="721" hits="8" branch="True" condition-coverage="50% (1/2)">
                  <conditions>
                    <condition number="159" type="jump" coverage="50%" />
                  </conditions>
                </line>
                <line number="722" hits="8" branch="False" />
                <line number="723" hits="8" branch="False" />
                <line number="724" hits="8" branch="False" />
                <line number="725" hits="8" branch="False" />
                <line number="726" hits="8" branch="True" condition-coverage="100% (2/2)">
                  <conditions>
                    <condition number="206" type="jump" coverage="100%" />
                  </conditions>
                </line>
                <line number="727" hits="7" branch="False" />
                <line number="729" hits="7" branch="True" condition-coverage="50% (1/2)">
                  <conditions>
                    <condition number="248" type="jump" coverage="50%" />
                  </conditions>
                </line>
                <line number="730" hits="7" branch="False" />
                <line number="731" hits="84" branch="True" condition-coverage="100% (4/4)">
                  <conditions>
                    <condition number="16" type="jump" coverage="100%" />
                    <condition number="31" type="jump" coverage="100%" />
                  </conditions>
                </line>
                <line number="732" hits="21" branch="False" />
                <line number="733" hits="14" branch="False" />
                <line number="734" hits="7" branch="False" />
                <line number="735" hits="8" branch="False" />
                <line number="736" hits="8" branch="False" />
                <line number="738" hits="0" branch="False" />
                <line number="740" hits="0" branch="False" />
                <line number="743" hits="8" branch="False" />
                <line number="744" hits="8" branch="False" />
              </lines>
            </method>
            <method name="ConvertStringToNativeType" signature="(System.String,T)" line-rate="0" branch-rate="0">
              <lines>
                <line number="754" hits="0" branch="False" />
                <line number="755" hits="0" branch="False" />
                <line number="756" hits="0" branch="False" />
                <line number="757" hits="0" branch="True" condition-coverage="0% (0/2)">
                  <conditions>
                    <condition number="20" type="jump" coverage="0%" />
                  </conditions>
                </line>
                <line number="759" hits="0" branch="True" condition-coverage="0% (0/2)">
                  <conditions>
                    <condition number="50" type="jump" coverage="0%" />
                  </conditions>
                </line>
                <line number="760" hits="0" branch="False" />
                <line number="762" hits="0" branch="True" condition-coverage="0% (0/2)">
                  <conditions>
                    <condition number="63" type="jump" coverage="0%" />
                  </conditions>
                </line>
                <line number="763" hits="0" branch="False" />
                <line number="764" hits="0" branch="False" />
                <line number="765" hits="0" branch="False" />
                <line number="766" hits="0" branch="True" condition-coverage="0% (0/2)">
                  <conditions>
                    <condition number="101" type="jump" coverage="0%" />
                  </conditions>
                </line>
                <line number="767" hits="0" branch="False" />
                <line number="768" hits="0" branch="True" condition-coverage="0% (0/2)">
                  <conditions>
                    <condition number="135" type="jump" coverage="0%" />
                  </conditions>
                </line>
                <line number="769" hits="0" branch="False" />
                <line number="770" hits="0" branch="True" condition-coverage="0% (0/2)">
                  <conditions>
                    <condition number="155" type="jump" coverage="0%" />
                  </conditions>
                </line>
                <line number="771" hits="0" branch="False" />
                <line number="772" hits="0" branch="False" />
                <line number="773" hits="0" branch="False" />
                <line number="774" hits="0" branch="True" condition-coverage="0% (0/2)">
                  <conditions>
                    <condition number="217" type="jump" coverage="0%" />
                  </conditions>
                </line>
                <line number="775" hits="0" branch="False" />
                <line number="776" hits="0" branch="True" condition-coverage="0% (0/2)">
                  <conditions>
                    <condition number="232" type="jump" coverage="0%" />
                  </conditions>
                </line>
                <line number="777" hits="0" branch="False" />
                <line number="778" hits="0" branch="False" />
                <line number="779" hits="0" branch="True" condition-coverage="0% (0/2)">
                  <conditions>
                    <condition number="273" type="jump" coverage="0%" />
                  </conditions>
                </line>
                <line number="780" hits="0" branch="False" />
                <line number="781" hits="0" branch="True" condition-coverage="0% (0/2)">
                  <conditions>
                    <condition number="288" type="jump" coverage="0%" />
                  </conditions>
                </line>
                <line number="782" hits="0" branch="False" />
                <line number="783" hits="0" branch="False" />
                <line number="784" hits="0" branch="True" condition-coverage="0% (0/2)">
                  <conditions>
                    <condition number="329" type="jump" coverage="0%" />
                  </conditions>
                </line>
                <line number="785" hits="0" branch="False" />
                <line number="786" hits="0" branch="True" condition-coverage="0% (0/2)">
                  <conditions>
                    <condition number="344" type="jump" coverage="0%" />
                  </conditions>
                </line>
                <line number="787" hits="0" branch="False" />
                <line number="788" hits="0" branch="False" />
                <line number="789" hits="0" branch="True" condition-coverage="0% (0/2)">
                  <conditions>
                    <condition number="385" type="jump" coverage="0%" />
                  </conditions>
                </line>
                <line number="790" hits="0" branch="False" />
                <line number="791" hits="0" branch="True" condition-coverage="0% (0/2)">
                  <conditions>
                    <condition number="400" type="jump" coverage="0%" />
                  </conditions>
                </line>
                <line number="792" hits="0" branch="False" />
                <line number="793" hits="0" branch="False" />
                <line number="794" hits="0" branch="True" condition-coverage="0% (0/2)">
                  <conditions>
                    <condition number="441" type="jump" coverage="0%" />
                  </conditions>
                </line>
                <line number="795" hits="0" branch="False" />
                <line number="796" hits="0" branch="True" condition-coverage="0% (0/2)">
                  <conditions>
                    <condition number="456" type="jump" coverage="0%" />
                  </conditions>
                </line>
                <line number="797" hits="0" branch="False" />
                <line number="798" hits="0" branch="False" />
                <line number="799" hits="0" branch="True" condition-coverage="0% (0/4)">
                  <conditions>
                    <condition number="483" type="jump" coverage="0%" />
                    <condition number="513" type="jump" coverage="0%" />
                  </conditions>
                </line>
                <line number="800" hits="0" branch="False" />
                <line number="802" hits="0" branch="False" />
                <line number="803" hits="0" branch="False" />
                <line number="804" hits="0" branch="False" />
                <line number="805" hits="0" branch="False" />
                <line number="807" hits="0" branch="True" condition-coverage="0% (0/2)">
                  <conditions>
                    <condition number="663" type="jump" coverage="0%" />
                  </conditions>
                </line>
                <line number="808" hits="0" branch="False" />
                <line number="809" hits="0" branch="False" />
                <line number="810" hits="0" branch="False" />
                <line number="811" hits="0" branch="False" />
                <line number="812" hits="0" branch="False" />
              </lines>
            </method>
            <method name="ConvertStringToNativeType" signature="(System.Type,System.String,System.Object)" line-rate="0.4642" branch-rate="0.475">
              <lines>
                <line number="822" hits="15" branch="False" />
                <line number="823" hits="15" branch="False" />
                <line number="824" hits="15" branch="True" condition-coverage="50% (1/2)">
                  <conditions>
                    <condition number="9" type="jump" coverage="50%" />
                  </conditions>
                </line>
                <line number="826" hits="15" branch="True" condition-coverage="50% (1/2)">
                  <conditions>
                    <condition number="39" type="jump" coverage="50%" />
                  </conditions>
                </line>
                <line number="827" hits="0" branch="False" />
                <line number="829" hits="0" branch="True" condition-coverage="0% (0/2)">
                  <conditions>
                    <condition number="50" type="jump" coverage="0%" />
                  </conditions>
                </line>
                <line number="830" hits="0" branch="False" />
                <line number="831" hits="0" branch="False" />
                <line number="832" hits="0" branch="False" />
                <line number="834" hits="15" branch="True" condition-coverage="100% (2/2)">
                  <conditions>
                    <condition number="79" type="jump" coverage="100%" />
                  </conditions>
                </line>
                <line number="835" hits="4" branch="False" />
                <line number="838" hits="15" branch="True" condition-coverage="100% (2/2)">
                  <conditions>
                    <condition number="115" type="jump" coverage="100%" />
                  </conditions>
                </line>
                <line number="839" hits="7" branch="False" />
                <line number="840" hits="8" branch="True" condition-coverage="100% (2/2)">
                  <conditions>
                    <condition number="144" type="jump" coverage="100%" />
                  </conditions>
                </line>
                <line number="841" hits="2" branch="False" />
                <line number="842" hits="2" branch="True" condition-coverage="50% (1/2)">
                  <conditions>
                    <condition number="164" type="jump" coverage="50%" />
                  </conditions>
                </line>
                <line number="843" hits="2" branch="False" />
                <line number="844" hits="2" branch="False" />
                <line number="845" hits="2" branch="False" />
                <line number="846" hits="6" branch="True" condition-coverage="50% (1/2)">
                  <conditions>
                    <condition number="221" type="jump" coverage="50%" />
                  </conditions>
                </line>
                <line number="847" hits="0" branch="False" />
                <line number="848" hits="0" branch="True" condition-coverage="0% (0/2)">
                  <conditions>
                    <condition number="236" type="jump" coverage="0%" />
                  </conditions>
                </line>
                <line number="849" hits="0" branch="False" />
                <line number="850" hits="0" branch="False" />
                <line number="851" hits="6" branch="True" condition-coverage="50% (1/2)">
                  <conditions>
                    <condition number="272" type="jump" coverage="50%" />
                  </conditions>
                </line>
                <line number="852" hits="0" branch="False" />
                <line number="853" hits="0" branch="True" condition-coverage="0% (0/2)">
                  <conditions>
                    <condition number="287" type="jump" coverage="0%" />
                  </conditions>
                </line>
                <line number="854" hits="0" branch="False" />
                <line number="855" hits="0" branch="False" />
                <line number="856" hits="6" branch="True" condition-coverage="50% (1/2)">
                  <conditions>
                    <condition number="323" type="jump" coverage="50%" />
                  </conditions>
                </line>
                <line number="857" hits="0" branch="False" />
                <line number="858" hits="0" branch="True" condition-coverage="0% (0/2)">
                  <conditions>
                    <condition number="338" type="jump" coverage="0%" />
                  </conditions>
                </line>
                <line number="859" hits="0" branch="False" />
                <line number="860" hits="0" branch="False" />
                <line number="861" hits="6" branch="True" condition-coverage="100% (2/2)">
                  <conditions>
                    <condition number="374" type="jump" coverage="100%" />
                  </conditions>
                </line>
                <line number="862" hits="2" branch="False" />
                <line number="863" hits="2" branch="True" condition-coverage="100% (2/2)">
                  <conditions>
                    <condition number="389" type="jump" coverage="100%" />
                  </conditions>
                </line>
                <line number="864" hits="2" branch="False" />
                <line number="865" hits="2" branch="False" />
                <line number="866" hits="4" branch="True" condition-coverage="50% (1/2)">
                  <conditions>
                    <condition number="425" type="jump" coverage="50%" />
                  </conditions>
                </line>
                <line number="867" hits="0" branch="False" />
                <line number="868" hits="0" branch="True" condition-coverage="0% (0/2)">
                  <conditions>
                    <condition number="440" type="jump" coverage="0%" />
                  </conditions>
                </line>
                <line number="869" hits="0" branch="False" />
                <line number="870" hits="0" branch="False" />
                <line number="871" hits="4" branch="True" condition-coverage="50% (2/4)">
                  <conditions>
                    <condition number="462" type="jump" coverage="50%" />
                    <condition number="492" type="jump" coverage="50%" />
                  </conditions>
                </line>
                <line number="872" hits="0" branch="False" />
                <line number="874" hits="0" branch="False" />
                <line number="875" hits="0" branch="False" />
                <line number="876" hits="0" branch="False" />
                <line number="877" hits="0" branch="False" />
                <line number="879" hits="0" branch="True" condition-coverage="0% (0/2)">
                  <conditions>
                    <condition number="642" type="jump" coverage="0%" />
                  </conditions>
                </line>
                <line number="880" hits="0" branch="False" />
                <line number="881" hits="0" branch="False" />
                <line number="882" hits="0" branch="False" />
                <line number="883" hits="15" branch="False" />
                <line number="884" hits="15" branch="False" />
              </lines>
            </method>
            <method name="ConvertStringToNativeType" signature="(System.Type,System.String)" line-rate="0" branch-rate="0">
              <lines>
                <line number="887" hits="0" branch="False" />
[...]
            <line number="117" hits="33" branch="True" condition-coverage="100% (2/2)">
              <conditions>
                <condition number="450" type="jump" coverage="100%" />
              </conditions>
            </line>
            <line number="118" hits="8" branch="False" />
            <line number="120" hits="25" branch="False" />
            <line number="121" hits="33" branch="False" />
            <line number="123" hits="16" branch="False" />
            <line number="124" hits="16" branch="False" />
            <line number="126" hits="8" branch="False" />
            <line number="127" hits="8" branch="False" />
            <line number="129" hits="0" branch="False" />
            <line number="130" hits="0" branch="False" />
            <line number="132" hits="0" branch="False" />
            <line number="133" hits="0" branch="False" />
            <line number="137" hits="0" branch="False" />
            <line number="139" hits="57" branch="False" />
            <line number="140" hits="57" branch="False" />
            <line number="141" hits="65" branch="False" />
            <line number="143" hits="17" branch="False" />
            <line number="144" hits="17" branch="False" />
            <line number="147" hits="8" branch="False" />
            <line number="148" hits="8" branch="False" />
            <line number="149" hits="8" branch="False" />
          </lines>
        </class>
        <class name="AnyConfig.Exceptions.ConfigurationException" filename="AnyConfig\Exceptions\ConfigurationException.cs" line-rate="0" branch-rate="1" complexity="2">
          <methods>
            <method name=".ctor" signature="(System.String)" line-rate="0" branch-rate="1">
              <lines>
                <line number="7" hits="0" branch="False" />
              </lines>
            </method>
            <method name=".ctor" signature="(System.String,System.Exception)" line-rate="0" branch-rate="1">
              <lines>
                <line number="8" hits="0" branch="False" />
              </lines>
            </method>
          </methods>
          <lines>
            <line number="7" hits="0" branch="False" />
            <line number="8" hits="0" branch="False" />
          </lines>
        </class>
        <class name="AnyConfig.Exceptions.ConfigurationMissingException" filename="AnyConfig\Exceptions\ConfigurationMissingException.cs" line-rate="0.125" branch-rate="1" complexity="4">
          <methods>
            <method name="get_PropertyName" signature="()" line-rate="0" branch-rate="1">
              <lines>
                <line number="7" hits="0" branch="False" />
              </lines>
            </method>
            <method name="get_PropertyType" signature="()" line-rate="0" branch-rate="1">
              <lines>
                <line number="8" hits="0" branch="False" />
              </lines>
            </method>
            <method name=".ctor" signature="(System.String)" line-rate="1" branch-rate="1">
              <lines>
                <line number="9" hits="3" branch="False" />
              </lines>
            </method>
            <method name=".ctor" signature="(System.String,System.Type)" line-rate="0" branch-rate="1">
              <lines>
                <line number="11" hits="0" branch="False" />
                <line number="12" hits="0" branch="False" />
                <line number="13" hits="0" branch="False" />
                <line number="14" hits="0" branch="False" />
                <line number="15" hits="0" branch="False" />
              </lines>
            </method>
          </methods>
          <lines>
            <line number="7" hits="0" branch="False" />
            <line number="8" hits="0" branch="False" />
            <line number="9" hits="3" branch="False" />
            <line number="11" hits="0" branch="False" />
            <line number="12" hits="0" branch="False" />
            <line number="13" hits="0" branch="False" />
            <line number="14" hits="0" branch="False" />
            <line number="15" hits="0" branch="False" />
          </lines>
        </class>
        <class name="AnyConfig.Exceptions.ParseException" filename="AnyConfig\Exceptions\ParseException.cs" line-rate="0" branch-rate="1" complexity="1">
          <methods>
            <method name=".ctor" signature="(System.String)" line-rate="0" branch-rate="1">
              <lines>
                <line number="7" hits="0" branch="False" />
              </lines>
            </method>
          </methods>
          <lines>
            <line number="7" hits="0" branch="False" />
          </lines>
        </class>
        <class name="AnyConfig.Collections.GenericNameValueCollection" filename="AnyConfig\Collections\GenericNameValueCollection.cs" line-rate="0.409" branch-rate="1" complexity="10">
          <methods>
            <method name="get_Item" signature="(System.String)" line-rate="1" branch-rate="1">
              <lines>
                <line number="19" hits="40" branch="False" />
                <line number="20" hits="40" branch="False" />
                <line number="21" hits="40" branch="False" />
              </lines>
            </method>
            <method name="set_Item" signature="(System.String,AnyConfig.Collections.StringValue)" line-rate="0" branch-rate="1">
              <lines>
                <line number="23" hits="0" branch="False" />
                <line number="24" hits="0" branch="False" />
                <line number="25" hits="0" branch="False" />
              </lines>
            </method>
            <method name="get_Item" signature="(System.Int32)" line-rate="0" branch-rate="1">
              <lines>
                <line number="36" hits="0" branch="False" />
                <line number="37" hits="0" branch="False" />
                <line number="38" hits="0" branch="False" />
              </lines>
            </method>
            <method name="get_AllKeys" signature="()" line-rate="0" branch-rate="1">
              <lines>
                <line number="47" hits="0" branch="False" />
                <line number="48" hits="0" branch="False" />
                <line number="49" hits="0" branch="False" />
              </lines>
            </method>
            <method name="Get" signature="(System.Int32)" line-rate="0" branch-rate="1">
              <lines>
                <line number="65" hits="0" branch="False" />
              </lines>
            </method>
            <method name="Get" signature="(System.String)" line-rate="0" branch-rate="1">
              <lines>
                <line number="72" hits="0" branch="False" />
              </lines>
            </method>
            <method name="GetValues" signature="(System.Int32)" line-rate="0" branch-rate="1">
              <lines>
                <line number="79" hits="0" branch="False" />
              </lines>
            </method>
            <method name="GetValues" signature="(System.String)" line-rate="0" branch-rate="1">
              <lines>
                <line number="86" hits="0" branch="False" />
              </lines>
            </method>
            <method name=".ctor" signature="()" line-rate="1" branch-rate="1">
              <lines>
                <line number="52" hits="8" branch="False" />
                <line number="53" hits="8" branch="False" />
                <line number="54" hits="8" branch="False" />
              </lines>
            </method>
            <method name=".ctor" signature="(AnyConfig.Collections.GenericNameValueCollection)" line-rate="1" branch-rate="1">
              <lines>
                <line number="56" hits="8" branch="False" />
                <line number="57" hits="8" branch="False" />
                <line number="58" hits="8" branch="False" />
              </lines>
            </method>
          </methods>
          <lines>
            <line number="19" hits="40" branch="False" />
            <line number="20" hits="40" branch="False" />
            <line number="21" hits="40" branch="False" />
            <line number="23" hits="0" branch="False" />
            <line number="24" hits="0" branch="False" />
            <line number="25" hits="0" branch="False" />
            <line number="36" hits="0" branch="False" />
            <line number="37" hits="0" branch="False" />
            <line number="38" hits="0" branch="False" />
            <line number="47" hits="0" branch="False" />
            <line number="48" hits="0" branch="False" />
            <line number="49" hits="0" branch="False" />
            <line number="65" hits="0" branch="False" />
            <line number="72" hits="0" branch="False" />
            <line number="79" hits="0" branch="False" />
            <line number="86" hits="0" branch="False" />
            <line number="52" hits="8" branch="False" />
            <line number="53" hits="8" branch="False" />
            <line number="54" hits="8" branch="False" />
            <line number="56" hits="8" branch="False" />
            <line number="57" hits="8" branch="False" />
            <line number="58" hits="8" branch="False" />
          </lines>
        </class>
        <class name="AnyConfig.Collections.StringValue" filename="AnyConfig\Collections\StringValue.cs" line-rate="0.6" branch-rate="0.25" complexity="19">
          <methods>
            <method name="get_Value" signature="()" line-rate="1" branch-rate="1">
              <lines>
                <line number="10" hits="174" branch="False" />
              </lines>
            </method>
            <method name="Equals" signature="(System.Object)" line-rate="0.5" branch-rate="0.25">
              <lines>
                <line number="18" hits="7" branch="False" />
                <line number="19" hits="7" branch="True" condition-coverage="50% (1/2)">
                  <conditions>
                    <condition number="12" type="jump" coverage="50%" />
                  </conditions>
                </line>
                <line number="20" hits="0" branch="False" />
                <line number="21" hits="0" branch="True" condition-coverage="0% (0/2)">
                  <conditions>
                    <condition number="21" type="jump" coverage="0%" />
                  </conditions>
                </line>
                <line number="22" hits="0" branch="False" />
                <line number="23" hits="0" branch="False" />
                <line number="25" hits="7" branch="False" />
                <line number="26" hits="7" branch="False" />
              </lines>
            </method>
            <method name="Equals" signature="(System.String)" line-rate="0.5" branch-rate="0.25">
              <lines>
                <line number="29" hits="23" branch="False" />
                <line number="30" hits="23" branch="True" condition-coverage="50% (1/2)">
                  <conditions>
                    <condition number="12" type="jump" coverage="50%" />
                  </conditions>
                </line>
                <line number="31" hits="0" branch="False" />
                <line number="32" hits="0" branch="True" condition-coverage="0% (0/2)">
                  <conditions>
                    <condition number="21" type="jump" coverage="0%" />
                  </conditions>
                </line>
                <line number="33" hits="0" branch="False" />
                <line number="34" hits="0" branch="False" />
                <line number="36" hits="23" branch="False" />
                <line number="37" hits="23" branch="False" />
              </lines>
            </method>
            <method name="GetHashCode" signature="()" line-rate="0" branch-rate="1">
              <lines>
                <line number="39" hits="0" branch="False" />
              </lines>
            </method>
            <method name="ToString" signature="()" line-rate="0" branch-rate="1">
              <lines>
                <line number="40" hits="0" branch="False" />
              </lines>
            </method>
            <method name="op_Equality" signature="(AnyConfig.Collections.StringValue,System.Object)" line-rate="0.5" branch-rate="0.25">
              <lines>
                <line number="43" hits="7" branch="False" />
                <line number="44" hits="7" branch="True" condition-coverage="50% (1/2)">
                  <conditions>
                    <condition number="12" type="jump" coverage="50%" />
                  </conditions>
                </line>
                <line number="45" hits="0" branch="False" />
                <line number="46" hits="0" branch="True" condition-coverage="0% (0/2)">
                  <conditions>
                    <condition number="21" type="jump" coverage="0%" />
                  </conditions>
                </line>
                <line number="47" hits="0" branch="False" />
                <line number="48" hits="0" branch="False" />
                <line number="50" hits="7" branch="False" />
                <line number="51" hits="7" branch="False" />
              </lines>
            </method>
            <method name="op_Inequality" signature="(AnyConfig.Collections.StringValue,System.Object)" line-rate="1" branch-rate="1">
              <lines>
                <line number="54" hits="7" branch="False" />
                <line number="55" hits="7" branch="False" />
                <line number="56" hits="7" branch="False" />
              </lines>
            </method>
            <method name="op_Implicit" signature="(AnyConfig.Collections.StringValue)" line-rate="1" branch-rate="1">
              <lines>
                <line number="58" hits="7" branch="False" />
              </lines>
            </method>
            <method name="op_Implicit" signature="(System.String)" line-rate="1" branch-rate="1">
              <lines>
                <line number="59" hits="37" branch="False" />
              </lines>
            </method>
            <method name=".ctor" signature="(System.String)" line-rate="1" branch-rate="1">
              <lines>
                <line number="13" hits="77" branch="False" />
                <line number="14" hits="77" branch="False" />
                <line number="15" hits="77" branch="False" />
              </lines>
            </method>
          </methods>
          <lines>
            <line number="10" hits="174" branch="False" />
            <line number="18" hits="7" branch="False" />
            <line number="19" hits="7" branch="True" condition-coverage="50% (1/2)">
              <conditions>
                <condition number="12" type="jump" coverage="50%" />
              </conditions>
            </line>
            <line number="20" hits="0" branch="False" />
            <line number="21" hits="0" branch="True" condition-coverage="0% (0/2)">
              <conditions>
                <condition number="21" type="jump" coverage="0%" />
              </conditions>
            </line>
            <line number="22" hits="0" branch="False" />
            <line number="23" hits="0" branch="False" />
            <line number="25" hits="7" branch="False" />
            <line number="26" hits="7" branch="False" />
            <line number="29" hits="23" branch="False" />
            <line number="30" hits="23" branch="True" condition-coverage="50% (1/2)">
              <conditions>
                <condition number="12" type="jump" coverage="50%" />
              </conditions>
            </line>
            <line number="31" hits="0" branch="False" />
            <line number="32" hits="0" branch="True" condition-coverage="0% (0/2)">
              <conditions>
                <condition number="21" type="jump" coverage="0%" />
              </conditions>
            </line>
            <line number="33" hits="0" branch="False" />
            <line number="34" hits="0" branch="False" />
            <line number="36" hits="23" branch="False" />
            <line number="37" hits="23" branch="False" />
            <line number="39" hits="0" branch="False" />
            <line number="40" hits="0" branch="False" />
            <line number="43" hits="7" branch="False" />
            <line number="44" hits="7" branch="True" condition-coverage="50% (1/2)">
              <conditions>
                <condition number="12" type="jump" coverage="50%" />
              </conditions>
            </line>
            <line number="45" hits="0" branch="False" />
            <line number="46" hits="0" branch="True" condition-coverage="0% (0/2)">
              <conditions>
                <condition number="21" type="jump" coverage="0%" />
              </conditions>
            </line>
            <line number="47" hits="0" branch="False" />
            <line number="48" hits="0" branch="False" />
            <line number="50" hits="7" branch="False" />
            <line number="51" hits="7" branch="False" />
            <line number="54" hits="7" branch="False" />
            <line number="55" hits="7" branch="False" />
            <line number="56" hits="7" branch="False" />
            <line number="58" hits="7" branch="False" />
            <line number="59" hits="37" branch="False" />
            <line number="13" hits="77" branch="False" />
            <line number="14" hits="77" branch="False" />
            <line number="15" hits="77" branch="False" />
          </lines>
        </class>
      </classes>
    </package>
    <package name="AnyConfig.Scaffolding" line-rate="0" branch-rate="1" complexity="3">
      <classes>
        <class name="AnyConfig.Scaffolding.TestScaffold" filename="AnyConfig.Scaffolding\TestScaffold.cs" line-rate="0" branch-rate="1" complexity="3">
          <methods>
            <method name="get_Root" signature="()" line-rate="0" branch-rate="1">
              <lines>
                <line number="11" hits="0" branch="False" />
              </lines>
            </method>
            <method name="get_Config" signature="()" line-rate="0" branch-rate="1">
              <lines>
                <line number="12" hits="0" branch="False" />
              </lines>
            </method>
            <method name=".ctor" signature="(System.String)" line-rate="0" branch-rate="1">
              <lines>
                <line number="13" hits="0" branch="False" />
                <line number="14" hits="0" branch="False" />
                <line number="15" hits="0" branch="False" />
                <line number="16" hits="0" branch="False" />
                <line number="17" hits="0" branch="False" />
                <line number="19" hits="0" branch="False" />
                <line number="20" hits="0" branch="False" />
                <line number="21" hits="0" branch="False" />
                <line number="22" hits="0" branch="False" />
                <line number="23" hits="0" branch="False" />
                <line number="24" hits="0" branch="False" />
                <line number="25" hits="0" branch="False" />
              </lines>
            </method>
          </methods>
          <lines>
            <line number="11" hits="0" branch="False" />
            <line number="12" hits="0" branch="False" />
            <line number="13" hits="0" branch="False" />
            <line number="14" hits="0" branch="False" />
            <line number="15" hits="0" branch="False" />
            <line number="16" hits="0" branch="False" />
            <line number="17" hits="0" branch="False" />
            <line number="19" hits="0" branch="False" />
            <line number="20" hits="0" branch="False" />
            <line number="21" hits="0" branch="False" />
            <line number="22" hits="0" branch="False" />
            <line number="23" hits="0" branch="False" />
            <line number="24" hits="0" branch="False" />
            <line number="25" hits="0" branch="False" />
          </lines>
        </class>
      </classes>
    </package>
  </packages>
</coverage>